<?xml version="1.0" encoding="UTF-8"?>
<!-- Generated by org.testng.reporters.JUnitXMLReporter -->
<testsuite hostname="Balajis-MBP.lan" ignored="2" name="Default test" tests="1" failures="0" timestamp="2022-10-09T11:47:14 CDT" time="16.935" errors="0">
  <testcase name="logintestpositive" time="12.326" classname="testcases.TC_001_logintest"/>
  <testcase name="logintestnegative1" time="0.0" classname="testcases.TC_001_logintest">
    <ignored/>
  </testcase> <!-- logintestnegative1 -->
  <testcase name="logintestnegative2" time="0.0" classname="testcases.TC_001_logintest">
    <ignored/>
  </testcase> <!-- logintestnegative2 -->
</testsuite> <!-- Default test -->
