<?xml version="1.0" encoding="UTF-8"?>
<testng-results skipped="0" failed="0" ignored="2" total="3" passed="1">
  <reporter-output>
  </reporter-output>
  <suite name="Default suite" duration-ms="16935" started-at="2022-10-09T11:46:57 CDT" finished-at="2022-10-09T11:47:14 CDT">
    <groups>
    </groups>
    <test name="Default test" duration-ms="16935" started-at="2022-10-09T11:46:57 CDT" finished-at="2022-10-09T11:47:14 CDT">
      <class name="testcases.TC_001_logintest">
        <test-method status="PASS" signature="loadPropertyFile()[pri:0, instance:testcases.TC_001_logintest@2641e737]" name="loadPropertyFile" is-config="true" duration-ms="197" started-at="2022-10-09T11:46:57 CDT" finished-at="2022-10-09T11:46:57 CDT">
          <reporter-output>
          </reporter-output>
        </test-method> <!-- loadPropertyFile -->
        <test-method status="PASS" signature="launchDriver()[pri:0, instance:testcases.TC_001_logintest@2641e737]" name="launchDriver" is-config="true" duration-ms="3168" started-at="2022-10-09T11:46:57 CDT" finished-at="2022-10-09T11:47:01 CDT">
          <reporter-output>
          </reporter-output>
        </test-method> <!-- launchDriver -->
        <test-method status="PASS" signature="logintestpositive()[pri:0, instance:testcases.TC_001_logintest@2641e737]" name="logintestpositive" duration-ms="12326" started-at="2022-10-09T11:47:01 CDT" finished-at="2022-10-09T11:47:13 CDT">
          <reporter-output>
          </reporter-output>
        </test-method> <!-- logintestpositive -->
        <test-method status="PASS" signature="teardown()[pri:0, instance:testcases.TC_001_logintest@2641e737]" name="teardown" is-config="true" duration-ms="1422" started-at="2022-10-09T11:47:13 CDT" finished-at="2022-10-09T11:47:14 CDT">
          <reporter-output>
          </reporter-output>
        </test-method> <!-- teardown -->
      </class> <!-- testcases.TC_001_logintest -->
    </test> <!-- Default test -->
  </suite> <!-- Default suite -->
</testng-results>
